Performing C++ SOURCE FILE Test CPPDB_HAVE_GCC_BITS_EXCHANGE_AND_ADD failed with the following output:
Change Dir: /home/tim/gravity/gravity/ThirdParty/cppdb-trunk/CMakeFiles/CMakeTmp

Run Build Command:/usr/bin/make "cmTryCompileExec/fast"
/usr/bin/make -f CMakeFiles/cmTryCompileExec.dir/build.make CMakeFiles/cmTryCompileExec.dir/build
make[1]: Entering directory `/home/tim/gravity/gravity/ThirdParty/cppdb-trunk/CMakeFiles/CMakeTmp'
/usr/bin/cmake -E cmake_progress_report /home/tim/gravity/gravity/ThirdParty/cppdb-trunk/CMakeFiles/CMakeTmp/CMakeFiles 1
Building CXX object CMakeFiles/cmTryCompileExec.dir/src.cxx.o
/usr/bin/c++    -Wall -Wextra  -DCPPDB_HAVE_GCC_BITS_EXCHANGE_AND_ADD   -o CMakeFiles/cmTryCompileExec.dir/src.cxx.o -c /home/tim/gravity/gravity/ThirdParty/cppdb-trunk/CMakeFiles/CMakeTmp/src.cxx
/home/tim/gravity/gravity/ThirdParty/cppdb-trunk/CMakeFiles/CMakeTmp/src.cxx:1:29: fatal error: bits/atomicity.h: No such file or directory
compilation terminated.
make[1]: Leaving directory `/home/tim/gravity/gravity/ThirdParty/cppdb-trunk/CMakeFiles/CMakeTmp'
make[1]: *** [CMakeFiles/cmTryCompileExec.dir/src.cxx.o] Error 1
make: *** [cmTryCompileExec/fast] Error 2

Source file was:
#include <bits/atomicity.h> 
	using __gnu_cxx::__exchange_and_add;
	int main(){ volatile int x=0; return __exchange_and_add(&x,1);}
Performing C++ SOURCE FILE Test CPPDB_HAVE_FREEBSD_ATOMIC failed with the following output:
Change Dir: /home/tim/gravity/gravity/ThirdParty/cppdb-trunk/CMakeFiles/CMakeTmp

Run Build Command:/usr/bin/make "cmTryCompileExec/fast"
/usr/bin/make -f CMakeFiles/cmTryCompileExec.dir/build.make CMakeFiles/cmTryCompileExec.dir/build
make[1]: Entering directory `/home/tim/gravity/gravity/ThirdParty/cppdb-trunk/CMakeFiles/CMakeTmp'
/usr/bin/cmake -E cmake_progress_report /home/tim/gravity/gravity/ThirdParty/cppdb-trunk/CMakeFiles/CMakeTmp/CMakeFiles 1
Building CXX object CMakeFiles/cmTryCompileExec.dir/src.cxx.o
/usr/bin/c++    -Wall -Wextra  -DCPPDB_HAVE_FREEBSD_ATOMIC   -o CMakeFiles/cmTryCompileExec.dir/src.cxx.o -c /home/tim/gravity/gravity/ThirdParty/cppdb-trunk/CMakeFiles/CMakeTmp/src.cxx
/home/tim/gravity/gravity/ThirdParty/cppdb-trunk/CMakeFiles/CMakeTmp/src.cxx:2:29: fatal error: machine/atomic.h: No such file or directory
compilation terminated.
make[1]: Leaving directory `/home/tim/gravity/gravity/ThirdParty/cppdb-trunk/CMakeFiles/CMakeTmp'
make[1]: *** [CMakeFiles/cmTryCompileExec.dir/src.cxx.o] Error 1
make: *** [cmTryCompileExec/fast] Error 2

Source file was:
#include <sys/types.h>
	#include <machine/atomic.h>
	int main() { volatile unsigned v=0; return atomic_cmpset_int(&v,1,0); }
Performing C++ SOURCE FILE Test CPPDB_HAVE_SOLARIS_ATOMIC failed with the following output:
Change Dir: /home/tim/gravity/gravity/ThirdParty/cppdb-trunk/CMakeFiles/CMakeTmp

Run Build Command:/usr/bin/make "cmTryCompileExec/fast"
/usr/bin/make -f CMakeFiles/cmTryCompileExec.dir/build.make CMakeFiles/cmTryCompileExec.dir/build
make[1]: Entering directory `/home/tim/gravity/gravity/ThirdParty/cppdb-trunk/CMakeFiles/CMakeTmp'
/usr/bin/cmake -E cmake_progress_report /home/tim/gravity/gravity/ThirdParty/cppdb-trunk/CMakeFiles/CMakeTmp/CMakeFiles 1
Building CXX object CMakeFiles/cmTryCompileExec.dir/src.cxx.o
/usr/bin/c++    -Wall -Wextra  -DCPPDB_HAVE_SOLARIS_ATOMIC   -o CMakeFiles/cmTryCompileExec.dir/src.cxx.o -c /home/tim/gravity/gravity/ThirdParty/cppdb-trunk/CMakeFiles/CMakeTmp/src.cxx
/home/tim/gravity/gravity/ThirdParty/cppdb-trunk/CMakeFiles/CMakeTmp/src.cxx:1:20: fatal error: atomic.h: No such file or directory
compilation terminated.
make[1]: Leaving directory `/home/tim/gravity/gravity/ThirdParty/cppdb-trunk/CMakeFiles/CMakeTmp'
make[1]: *** [CMakeFiles/cmTryCompileExec.dir/src.cxx.o] Error 1
make: *** [cmTryCompileExec/fast] Error 2

Source file was:
#include <atomic.h>
	int main() { volatile unsigned v=0; return atomic_add_int_nv(&v,1); }
Performing C++ SOURCE FILE Test CPPDB_HAVE_MAC_OS_X_ATOMIC failed with the following output:
Change Dir: /home/tim/gravity/gravity/ThirdParty/cppdb-trunk/CMakeFiles/CMakeTmp

Run Build Command:/usr/bin/make "cmTryCompileExec/fast"
/usr/bin/make -f CMakeFiles/cmTryCompileExec.dir/build.make CMakeFiles/cmTryCompileExec.dir/build
make[1]: Entering directory `/home/tim/gravity/gravity/ThirdParty/cppdb-trunk/CMakeFiles/CMakeTmp'
/usr/bin/cmake -E cmake_progress_report /home/tim/gravity/gravity/ThirdParty/cppdb-trunk/CMakeFiles/CMakeTmp/CMakeFiles 1
Building CXX object CMakeFiles/cmTryCompileExec.dir/src.cxx.o
/usr/bin/c++    -Wall -Wextra  -DCPPDB_HAVE_MAC_OS_X_ATOMIC   -o CMakeFiles/cmTryCompileExec.dir/src.cxx.o -c /home/tim/gravity/gravity/ThirdParty/cppdb-trunk/CMakeFiles/CMakeTmp/src.cxx
/home/tim/gravity/gravity/ThirdParty/cppdb-trunk/CMakeFiles/CMakeTmp/src.cxx:1:30: fatal error: libkern/OSAtomic.h: No such file or directory
compilation terminated.
make[1]: Leaving directory `/home/tim/gravity/gravity/ThirdParty/cppdb-trunk/CMakeFiles/CMakeTmp'
make[1]: *** [CMakeFiles/cmTryCompileExec.dir/src.cxx.o] Error 1
make: *** [cmTryCompileExec/fast] Error 2

Source file was:
#include <libkern/OSAtomic.h>
	int main() { volatile int v=0; return OSAtomicAdd32(1,&v); }
